{"numTotalTestSuites":14,"numPassedTestSuites":14,"numFailedTestSuites":0,"numPendingTestSuites":0,"numTotalTests":20,"numPassedTests":20,"numFailedTests":0,"numPendingTests":0,"numTodoTests":0,"snapshot":{"added":0,"failure":false,"filesAdded":0,"filesRemoved":0,"filesRemovedList":[],"filesUnmatched":0,"filesUpdated":0,"matched":0,"total":0,"unchecked":0,"uncheckedKeysByFile":[],"unmatched":0,"updated":0,"didUpdate":false},"startTime":1759700528995,"success":true,"testResults":[{"assertionResults":[{"ancestorTitles":["friendlyAuthMessage"],"fullName":"friendlyAuthMessage maps invalid-credential to friendly login message","status":"passed","title":"maps invalid-credential to friendly login message","duration":1.3872999999998683,"failureMessages":[],"meta":{}},{"ancestorTitles":["friendlyAuthMessage"],"fullName":"friendlyAuthMessage maps weak-password on signup","status":"passed","title":"maps weak-password on signup","duration":0.31899999999996,"failureMessages":[],"meta":{}},{"ancestorTitles":["friendlyAuthMessage"],"fullName":"friendlyAuthMessage handles network error","status":"passed","title":"handles network error","duration":0.18650000000025102,"failureMessages":[],"meta":{}},{"ancestorTitles":["friendlyAuthMessage"],"fullName":"friendlyAuthMessage infers code from message string","status":"passed","title":"infers code from message string","duration":0.4216000000001259,"failureMessages":[],"meta":{}}],"startTime":1759700531422,"endTime":1759700531424.4216,"status":"passed","message":"","name":"C:/code2/lbpr/static/spa/tests/unit/auth/errorMessages.test.ts"},{"assertionResults":[{"ancestorTitles":["LoginPage"],"fullName":"LoginPage has correct autocomplete attributes","status":"passed","title":"has correct autocomplete attributes","duration":70.98299999999972,"failureMessages":[],"meta":{}},{"ancestorTitles":["LoginPage"],"fullName":"LoginPage shows friendly error when Firebase throws invalid-credential","status":"passed","title":"shows friendly error when Firebase throws invalid-credential","duration":173.82499999999982,"failureMessages":[],"meta":{}},{"ancestorTitles":["LoginPage"],"fullName":"LoginPage shows verify banner when email not verified","status":"passed","title":"shows verify banner when email not verified","duration":84.8451,"failureMessages":[],"meta":{}}],"startTime":1759700531956,"endTime":1759700532285.8452,"status":"passed","message":"","name":"C:/code2/lbpr/static/spa/tests/unit/auth/LoginPage.test.tsx"},{"assertionResults":[{"ancestorTitles":["SignupPage"],"fullName":"SignupPage includes a \"Sign in\" link (return to login page)","status":"passed","title":"includes a \"Sign in\" link (return to login page)","duration":201.04160000000002,"failureMessages":[],"meta":{}},{"ancestorTitles":["SignupPage"],"fullName":"SignupPage has correct autocomplete attributes","status":"passed","title":"has correct autocomplete attributes","duration":16.995699999999943,"failureMessages":[],"meta":{}},{"ancestorTitles":["SignupPage"],"fullName":"SignupPage sends verification email after successful signup and shows confirmation UI","status":"passed","title":"sends verification email after successful signup and shows confirmation UI","duration":101.3095000000003,"failureMessages":[],"meta":{}},{"ancestorTitles":["SignupPage"],"fullName":"SignupPage shows friendly signup error for weak password","status":"passed","title":"shows friendly signup error for weak password","duration":60.63440000000037,"failureMessages":[],"meta":{}}],"startTime":1759700531955,"endTime":1759700532335.6345,"status":"passed","message":"","name":"C:/code2/lbpr/static/spa/tests/unit/auth/SignupPage.test.tsx"},{"assertionResults":[{"ancestorTitles":["VerifyEmailPage"],"fullName":"VerifyEmailPage shows error when params missing","status":"passed","title":"shows error when params missing","duration":192.4680000000003,"failureMessages":[],"meta":{}},{"ancestorTitles":["VerifyEmailPage"],"fullName":"VerifyEmailPage shows success when applyActionCode resolves","status":"passed","title":"shows success when applyActionCode resolves","duration":56.89319999999998,"failureMessages":[],"meta":{}},{"ancestorTitles":["VerifyEmailPage"],"fullName":"VerifyEmailPage shows failure when applyActionCode rejects","status":"passed","title":"shows failure when applyActionCode rejects","duration":31.157199999999648,"failureMessages":[],"meta":{}}],"startTime":1759700531947,"endTime":1759700532228.1572,"status":"passed","message":"","name":"C:/code2/lbpr/static/spa/tests/unit/auth/VerifyEmailPage.test.tsx"},{"assertionResults":[{"ancestorTitles":["BillingPage — subscription upgrade"],"fullName":"BillingPage — subscription upgrade shows 'Get Pro' and calls startCheckout with the chosen price","status":"passed","title":"shows 'Get Pro' and calls startCheckout with the chosen price","duration":271.73810000000003,"failureMessages":[],"meta":{}},{"ancestorTitles":["BillingPage — subscription upgrade"],"fullName":"BillingPage — subscription upgrade disables Pro button when already on Pro (plan=PRO from /limits/me)","status":"passed","title":"disables Pro button when already on Pro (plan=PRO from /limits/me)","duration":106.55450000000019,"failureMessages":[],"meta":{}},{"ancestorTitles":["BillingPage — usage tier upgrades"],"fullName":"BillingPage — usage tier upgrades shows usage cards and reflects PRO caps when plan=PRO from /limits/me","status":"passed","title":"shows usage cards and reflects PRO caps when plan=PRO from /limits/me","duration":107.63490000000002,"failureMessages":[],"meta":{}},{"ancestorTitles":["BillingPage — subscription cancellation"],"fullName":"BillingPage — subscription cancellation re-enables upgrade when only 'canceled' subscription is present","status":"passed","title":"re-enables upgrade when only 'canceled' subscription is present","duration":77.29060000000027,"failureMessages":[],"meta":{}},{"ancestorTitles":["BillingPage — access to Stripe's billing management"],"fullName":"BillingPage — access to Stripe's billing management calls openBillingPortal when 'Manage billing' is clicked","status":"passed","title":"calls openBillingPortal when 'Manage billing' is clicked","duration":28.719100000000253,"failureMessages":[],"meta":{}},{"ancestorTitles":["BillingPage — subscription period dates"],"fullName":"BillingPage — subscription period dates treats an 'active' sub with a future current_period_end as Pro (plan=PRO)","status":"passed","title":"treats an 'active' sub with a future current_period_end as Pro (plan=PRO)","duration":65.25459999999975,"failureMessages":[],"meta":{}}],"startTime":1759700531928,"endTime":1759700532586.2546,"status":"passed","message":"","name":"C:/code2/lbpr/static/spa/tests/unit/billing/BillingPage.test.tsx"}]}