{"numTotalTestSuites":8,"numPassedTestSuites":8,"numFailedTestSuites":0,"numPendingTestSuites":0,"numTotalTests":14,"numPassedTests":14,"numFailedTests":0,"numPendingTests":0,"numTodoTests":0,"snapshot":{"added":0,"failure":false,"filesAdded":0,"filesRemoved":0,"filesRemovedList":[],"filesUnmatched":0,"filesUpdated":0,"matched":0,"total":0,"unchecked":0,"uncheckedKeysByFile":[],"unmatched":0,"updated":0,"didUpdate":false},"startTime":1759675687791,"success":true,"testResults":[{"assertionResults":[{"ancestorTitles":["friendlyAuthMessage"],"fullName":"friendlyAuthMessage maps invalid-credential to friendly login message","status":"passed","title":"maps invalid-credential to friendly login message","duration":1.259999999999991,"failureMessages":[],"meta":{}},{"ancestorTitles":["friendlyAuthMessage"],"fullName":"friendlyAuthMessage maps weak-password on signup","status":"passed","title":"maps weak-password on signup","duration":0.3634999999999309,"failureMessages":[],"meta":{}},{"ancestorTitles":["friendlyAuthMessage"],"fullName":"friendlyAuthMessage handles network error","status":"passed","title":"handles network error","duration":0.21600000000012187,"failureMessages":[],"meta":{}},{"ancestorTitles":["friendlyAuthMessage"],"fullName":"friendlyAuthMessage infers code from message string","status":"passed","title":"infers code from message string","duration":0.529399999999896,"failureMessages":[],"meta":{}}],"startTime":1759675689754,"endTime":1759675689756.5293,"status":"passed","message":"","name":"C:/code2/lbpr/static/spa/tests/unit/errorMessages.test.ts"},{"assertionResults":[{"ancestorTitles":["LoginPage"],"fullName":"LoginPage has correct autocomplete attributes","status":"passed","title":"has correct autocomplete attributes","duration":48.4375,"failureMessages":[],"meta":{}},{"ancestorTitles":["LoginPage"],"fullName":"LoginPage shows friendly error when Firebase throws invalid-credential","status":"passed","title":"shows friendly error when Firebase throws invalid-credential","duration":134.02689999999984,"failureMessages":[],"meta":{}},{"ancestorTitles":["LoginPage"],"fullName":"LoginPage shows verify banner when email not verified","status":"passed","title":"shows verify banner when email not verified","duration":53.734500000000025,"failureMessages":[],"meta":{}}],"startTime":1759675690129,"endTime":1759675690365.7346,"status":"passed","message":"","name":"C:/code2/lbpr/static/spa/tests/unit/LoginPage.test.tsx"},{"assertionResults":[{"ancestorTitles":["SignupPage"],"fullName":"SignupPage includes a \"Sign in\" link (return to login page)","status":"passed","title":"includes a \"Sign in\" link (return to login page)","duration":152.1558,"failureMessages":[],"meta":{}},{"ancestorTitles":["SignupPage"],"fullName":"SignupPage has correct autocomplete attributes","status":"passed","title":"has correct autocomplete attributes","duration":15.412199999999757,"failureMessages":[],"meta":{}},{"ancestorTitles":["SignupPage"],"fullName":"SignupPage sends verification email after successful signup and shows confirmation UI","status":"passed","title":"sends verification email after successful signup and shows confirmation UI","duration":57.29579999999987,"failureMessages":[],"meta":{}},{"ancestorTitles":["SignupPage"],"fullName":"SignupPage shows friendly signup error for weak password","status":"passed","title":"shows friendly signup error for weak password","duration":50.2201,"failureMessages":[],"meta":{}}],"startTime":1759675690129,"endTime":1759675690405.2202,"status":"passed","message":"","name":"C:/code2/lbpr/static/spa/tests/unit/SignupPage.test.tsx"},{"assertionResults":[{"ancestorTitles":["VerifyEmailPage"],"fullName":"VerifyEmailPage shows error when params missing","status":"passed","title":"shows error when params missing","duration":136.60879999999997,"failureMessages":[],"meta":{}},{"ancestorTitles":["VerifyEmailPage"],"fullName":"VerifyEmailPage shows success when applyActionCode resolves","status":"passed","title":"shows success when applyActionCode resolves","duration":46.52509999999984,"failureMessages":[],"meta":{}},{"ancestorTitles":["VerifyEmailPage"],"fullName":"VerifyEmailPage shows failure when applyActionCode rejects","status":"passed","title":"shows failure when applyActionCode rejects","duration":27.194400000000314,"failureMessages":[],"meta":{}}],"startTime":1759675690125,"endTime":1759675690335.1943,"status":"passed","message":"","name":"C:/code2/lbpr/static/spa/tests/unit/VerifyEmailPage.test.tsx"}]}